\BOOKMARK [1][-]{tableofcontents.1}{Contents}{}% 1
\BOOKMARK [0][]{chapter.1}{1 Introduction}{}% 2
\BOOKMARK [1][-]{section.1.1}{1.1 Introduction}{chapter.1}% 3
\BOOKMARK [1][-]{section.1.2}{1.2 Hypothesis}{chapter.1}% 4
\BOOKMARK [1][-]{section.1.3}{1.3 Data}{chapter.1}% 5
\BOOKMARK [2][-]{subsection.1.3.1}{1.3.1 Types of Data}{section.1.3}% 6
\BOOKMARK [2][-]{subsection.1.3.2}{1.3.2 Shape of Data}{section.1.3}% 7
\BOOKMARK [1][-]{section.1.4}{1.4 Installing and Starting SOFA}{chapter.1}% 8
\BOOKMARK [1][-]{section.1.5}{1.5 Importing Data}{chapter.1}% 9
\BOOKMARK [1][-]{section.1.6}{1.6 Recoding Data}{chapter.1}% 10
\BOOKMARK [2][-]{subsection.1.6.1}{1.6.1 Background}{section.1.6}% 11
\BOOKMARK [2][-]{subsection.1.6.2}{1.6.2 Recoding Variables With SOFA}{section.1.6}% 12
\BOOKMARK [2][-]{subsection.1.6.3}{1.6.3 Activity 1}{section.1.6}% 13
\BOOKMARK [1][-]{section.1.7}{1.7 Deliverable}{chapter.1}% 14
\BOOKMARK [0][]{chapter.2}{2 Central Measures}{}% 15
\BOOKMARK [1][-]{section.2.1}{2.1 Introduction}{chapter.2}% 16
\BOOKMARK [1][-]{section.2.2}{2.2 Central Measures}{chapter.2}% 17
\BOOKMARK [2][-]{subsection.2.2.1}{2.2.1 Background}{section.2.2}% 18
\BOOKMARK [2][-]{subsection.2.2.2}{2.2.2 Using SOFA}{section.2.2}% 19
\BOOKMARK [1][-]{section.2.3}{2.3 SOFA Examples}{chapter.2}% 20
\BOOKMARK [1][-]{section.2.4}{2.4 Deliverable}{chapter.2}% 21
\BOOKMARK [0][]{chapter.3}{3 Data Dispersion}{}% 22
\BOOKMARK [1][-]{section.3.1}{3.1 Introduction}{chapter.3}% 23
\BOOKMARK [1][-]{section.3.2}{3.2 Measures of Data Dispersion}{chapter.3}% 24
\BOOKMARK [2][-]{subsection.3.2.1}{3.2.1 Range}{section.3.2}% 25
\BOOKMARK [2][-]{subsection.3.2.2}{3.2.2 Quartiles}{section.3.2}% 26
\BOOKMARK [2][-]{subsection.3.2.3}{3.2.3 Standard Deviation}{section.3.2}% 27
\BOOKMARK [1][-]{section.3.3}{3.3 Procedure}{chapter.3}% 28
\BOOKMARK [2][-]{subsection.3.3.1}{3.3.1 Statistical Calculations}{section.3.3}% 29
\BOOKMARK [2][-]{subsection.3.3.2}{3.3.2 Activity 1: Simple Statistics}{section.3.3}% 30
\BOOKMARK [2][-]{subsection.3.3.3}{3.3.3 Grouping Variables}{section.3.3}% 31
\BOOKMARK [2][-]{subsection.3.3.4}{3.3.4 Activity 2: Grouped Statistics}{section.3.3}% 32
\BOOKMARK [2][-]{subsection.3.3.5}{3.3.5 Filtering}{section.3.3}% 33
\BOOKMARK [2][-]{subsection.3.3.6}{3.3.6 Activity 3: Filtering}{section.3.3}% 34
\BOOKMARK [1][-]{section.3.4}{3.4 Deliverable}{chapter.3}% 35
\BOOKMARK [0][]{chapter.4}{4 Visualizing Dispersion}{}% 36
\BOOKMARK [1][-]{section.4.1}{4.1 Introduction}{chapter.4}% 37
\BOOKMARK [1][-]{section.4.2}{4.2 Procedure}{chapter.4}% 38
\BOOKMARK [2][-]{subsection.4.2.1}{4.2.1 Boxplots}{section.4.2}% 39
\BOOKMARK [2][-]{subsection.4.2.2}{4.2.2 Activity 1: Simple Boxplot}{section.4.2}% 40
\BOOKMARK [2][-]{subsection.4.2.3}{4.2.3 Grouped Boxplot}{section.4.2}% 41
\BOOKMARK [2][-]{subsection.4.2.4}{4.2.4 Activity 2: Grouped Boxplots}{section.4.2}% 42
\BOOKMARK [2][-]{subsection.4.2.5}{4.2.5 Grouped Boxplots By Series}{section.4.2}% 43
\BOOKMARK [2][-]{subsection.4.2.6}{4.2.6 Activity 3: Grouped Boxplots by Series}{section.4.2}% 44
\BOOKMARK [1][-]{section.4.3}{4.3 Deliverable}{chapter.4}% 45
\BOOKMARK [0][]{chapter.5}{5 Frequency Tables}{}% 46
\BOOKMARK [1][-]{section.5.1}{5.1 Introduction}{chapter.5}% 47
\BOOKMARK [1][-]{section.5.2}{5.2 Frequency Tables}{chapter.5}% 48
\BOOKMARK [1][-]{section.5.3}{5.3 Crosstabs}{chapter.5}% 49
\BOOKMARK [2][-]{subsection.5.3.1}{5.3.1 Complex Crosstabs}{section.5.3}% 50
\BOOKMARK [1][-]{section.5.4}{5.4 Procedure}{chapter.5}% 51
\BOOKMARK [2][-]{subsection.5.4.1}{5.4.1 Frequency Table}{section.5.4}% 52
\BOOKMARK [2][-]{subsection.5.4.2}{5.4.2 Activity 1: Frequency Table}{section.5.4}% 53
\BOOKMARK [2][-]{subsection.5.4.3}{5.4.3 Crosstabs}{section.5.4}% 54
\BOOKMARK [2][-]{subsection.5.4.4}{5.4.4 Activity 2: Crosstabs}{section.5.4}% 55
\BOOKMARK [2][-]{subsection.5.4.5}{5.4.5 Activity 3: Complex Crosstabs}{section.5.4}% 56
\BOOKMARK [1][-]{section.5.5}{5.5 Deliverable}{chapter.5}% 57
\BOOKMARK [0][]{chapter.6}{6 Visualizing Frequency}{}% 58
\BOOKMARK [1][-]{section.6.1}{6.1 Introduction}{chapter.6}% 59
\BOOKMARK [1][-]{section.6.2}{6.2 Visualizing Data}{chapter.6}% 60
\BOOKMARK [2][-]{subsection.6.2.1}{6.2.1 Histogram}{section.6.2}% 61
\BOOKMARK [2][-]{subsection.6.2.2}{6.2.2 Bar Chart}{section.6.2}% 62
\BOOKMARK [2][-]{subsection.6.2.3}{6.2.3 Clustered Bar Chart}{section.6.2}% 63
\BOOKMARK [2][-]{subsection.6.2.4}{6.2.4 Pie Chart}{section.6.2}% 64
\BOOKMARK [2][-]{subsection.6.2.5}{6.2.5 Line Charts}{section.6.2}% 65
\BOOKMARK [1][-]{section.6.3}{6.3 Procedure}{chapter.6}% 66
\BOOKMARK [1][-]{section.6.4}{6.4 Deliverable}{chapter.6}% 67
\BOOKMARK [0][]{chapter.7}{7 Correlation}{}% 68
\BOOKMARK [1][-]{section.7.1}{7.1 Introduction}{chapter.7}% 69
\BOOKMARK [1][-]{section.7.2}{7.2 Correlation and Causation}{chapter.7}% 70
\BOOKMARK [2][-]{subsection.7.2.1}{7.2.1 Pearson's R}{section.7.2}% 71
\BOOKMARK [2][-]{subsection.7.2.2}{7.2.2 Spearman's Rho}{section.7.2}% 72
\BOOKMARK [1][-]{section.7.3}{7.3 Significance}{chapter.7}% 73
\BOOKMARK [2][-]{subsection.7.3.1}{7.3.1 Chi-Square}{section.7.3}% 74
\BOOKMARK [2][-]{subsection.7.3.2}{7.3.2 Degrees of Freedom}{section.7.3}% 75
\BOOKMARK [1][-]{section.7.4}{7.4 Scatter Plots}{chapter.7}% 76
\BOOKMARK [1][-]{section.7.5}{7.5 Procedure}{chapter.7}% 77
\BOOKMARK [2][-]{subsection.7.5.1}{7.5.1 Pearson's R}{section.7.5}% 78
\BOOKMARK [2][-]{subsection.7.5.2}{7.5.2 Activity 1: Pearson's R}{section.7.5}% 79
\BOOKMARK [2][-]{subsection.7.5.3}{7.5.3 Spearman's Rho}{section.7.5}% 80
\BOOKMARK [2][-]{subsection.7.5.4}{7.5.4 Activity 2: Spearman's Rho}{section.7.5}% 81
\BOOKMARK [2][-]{subsection.7.5.5}{7.5.5 Chi Square}{section.7.5}% 82
\BOOKMARK [2][-]{subsection.7.5.6}{7.5.6 Activity 3: Chi Square}{section.7.5}% 83
\BOOKMARK [1][-]{section.7.6}{7.6 Deliverable}{chapter.7}% 84
\BOOKMARK [0][]{chapter.8}{8 Regression}{}% 85
\BOOKMARK [1][-]{section.8.1}{8.1 Introduction}{chapter.8}% 86
\BOOKMARK [1][-]{section.8.2}{8.2 Regression}{chapter.8}% 87
\BOOKMARK [1][-]{section.8.3}{8.3 Procedure}{chapter.8}% 88
\BOOKMARK [2][-]{subsection.8.3.1}{8.3.1 Activity 1: Predictive Regression 1}{section.8.3}% 89
\BOOKMARK [2][-]{subsection.8.3.2}{8.3.2 Activity 2: Predictive Regression 2}{section.8.3}% 90
\BOOKMARK [1][-]{section.8.4}{8.4 Deliverable}{chapter.8}% 91
\BOOKMARK [0][]{chapter.9}{9 Hypothesis Testing: Nonparametric Statistics}{}% 92
\BOOKMARK [1][-]{section.9.1}{9.1 Introduction}{chapter.9}% 93
\BOOKMARK [1][-]{section.9.2}{9.2 Kruskal-Wallis H}{chapter.9}% 94
\BOOKMARK [1][-]{section.9.3}{9.3 Wilcoxon Signed Ranks}{chapter.9}% 95
\BOOKMARK [1][-]{section.9.4}{9.4 Mann-Whitney U}{chapter.9}% 96
\BOOKMARK [1][-]{section.9.5}{9.5 Procedure}{chapter.9}% 97
\BOOKMARK [2][-]{subsection.9.5.1}{9.5.1 Statistics Wizard}{section.9.5}% 98
\BOOKMARK [2][-]{subsection.9.5.2}{9.5.2 Activity 1: Wizard}{section.9.5}% 99
\BOOKMARK [2][-]{subsection.9.5.3}{9.5.3 Chi Square}{section.9.5}% 100
\BOOKMARK [2][-]{subsection.9.5.4}{9.5.4 Correlation - Spearman's}{section.9.5}% 101
\BOOKMARK [2][-]{subsection.9.5.5}{9.5.5 Kruskal-Wallis H}{section.9.5}% 102
\BOOKMARK [2][-]{subsection.9.5.6}{9.5.6 Activity 2: Kruskal-Wallis H}{section.9.5}% 103
\BOOKMARK [2][-]{subsection.9.5.7}{9.5.7 Mann-Whitney U}{section.9.5}% 104
\BOOKMARK [2][-]{subsection.9.5.8}{9.5.8 Activity 3: Mann-Whitney U}{section.9.5}% 105
\BOOKMARK [2][-]{subsection.9.5.9}{9.5.9 Wilcoxon Signed Ranks}{section.9.5}% 106
\BOOKMARK [2][-]{subsection.9.5.10}{9.5.10 Activity 4: Wilcoxon Signed Ranks}{section.9.5}% 107
\BOOKMARK [1][-]{section.9.6}{9.6 Deliverable}{chapter.9}% 108
\BOOKMARK [0][]{chapter.10}{10 Hypothesis Testing: Parametric Statistics}{}% 109
\BOOKMARK [1][-]{section.10.1}{10.1 Introduction}{chapter.10}% 110
\BOOKMARK [1][-]{section.10.2}{10.2 ANOVA}{chapter.10}% 111
\BOOKMARK [1][-]{section.10.3}{10.3 t-test - Independent}{chapter.10}% 112
\BOOKMARK [1][-]{section.10.4}{10.4 t-test - Paired}{chapter.10}% 113
\BOOKMARK [1][-]{section.10.5}{10.5 Procedure}{chapter.10}% 114
\BOOKMARK [2][-]{subsection.10.5.1}{10.5.1 ANOVA}{section.10.5}% 115
\BOOKMARK [2][-]{subsection.10.5.2}{10.5.2 Activity 1: ANOVA}{section.10.5}% 116
\BOOKMARK [2][-]{subsection.10.5.3}{10.5.3 Correlation - Pearson's}{section.10.5}% 117
\BOOKMARK [2][-]{subsection.10.5.4}{10.5.4 t-test - Independent}{section.10.5}% 118
\BOOKMARK [2][-]{subsection.10.5.5}{10.5.5 Activity 2: t-test - Independent}{section.10.5}% 119
\BOOKMARK [2][-]{subsection.10.5.6}{10.5.6 t-test - Paired}{section.10.5}% 120
\BOOKMARK [1][-]{section.10.6}{10.6 Deliverable}{chapter.10}% 121
\BOOKMARK [0][]{chapter.11}{11 Final}{}% 122
\BOOKMARK [1][-]{section.11.1}{11.1 Introduction}{chapter.11}% 123
\BOOKMARK [-1][]{part.1}{Appendix}{}% 124
\BOOKMARK [0][]{chapter.12}{12 Appendix}{part.1}% 125
\BOOKMARK [1][-]{section.12.1}{12.1 Appendix A: Datasets}{chapter.12}% 126
\BOOKMARK [2][-]{subsection.12.1.1}{12.1.1 bdims}{section.12.1}% 127
\BOOKMARK [2][-]{subsection.12.1.2}{12.1.2 births}{section.12.1}% 128
\BOOKMARK [2][-]{subsection.12.1.3}{12.1.3 cars}{section.12.1}% 129
\BOOKMARK [2][-]{subsection.12.1.4}{12.1.4 doorsurvey}{section.12.1}% 130
\BOOKMARK [2][-]{subsection.12.1.5}{12.1.5 email}{section.12.1}% 131
\BOOKMARK [2][-]{subsection.12.1.6}{12.1.6 gifted}{section.12.1}% 132
\BOOKMARK [2][-]{subsection.12.1.7}{12.1.7 maincafe}{section.12.1}% 133
\BOOKMARK [2][-]{subsection.12.1.8}{12.1.8 rivers}{section.12.1}% 134
\BOOKMARK [2][-]{subsection.12.1.9}{12.1.9 riverstrim}{section.12.1}% 135
\BOOKMARK [2][-]{subsection.12.1.10}{12.1.10 tutoring}{section.12.1}% 136
\BOOKMARK [1][-]{section.12.2}{12.2 Appendix B: SOFA Exports}{chapter.12}% 137
\BOOKMARK [2][-]{subsection.12.2.1}{12.2.1 Styles}{section.12.2}% 138
\BOOKMARK [2][-]{subsection.12.2.2}{12.2.2 Exporting a File}{section.12.2}% 139
\BOOKMARK [2][-]{subsection.12.2.3}{12.2.3 Copy/Paste Output}{section.12.2}% 140
\BOOKMARK [2][-]{subsection.12.2.4}{12.2.4 Reports}{section.12.2}% 141
